"../../../Engine/Content/EditorResources/S_Actor.ubulk" 0
"../../../Engine/Content/EditorResources/S_Actor.uasset" 1
"../../../Engine/Content/EditorResources/S_Actor.uexp" 2
"../../../Engine/Content/EditorResources/S_BoxReflectionCapture.uasset" 3
"../../../Engine/Content/EditorResources/S_BoxReflectionCapture.uexp" 4
"../../../Engine/Content/EngineResources/DefaultTexture.ubulk" 5
"../../../Engine/Content/EngineResources/DefaultTexture.uasset" 6
"../../../Engine/Content/EngineResources/DefaultTexture.uexp" 7
"../../../Engine/Content/EngineResources/DefaultTextureCube.uasset" 8
"../../../Engine/Content/EngineResources/DefaultTextureCube.uexp" 9
"../../../Engine/Content/EngineResources/DefaultVolumeTexture2D.uasset" 10
"../../../Engine/Content/EngineResources/DefaultVolumeTexture2D.uexp" 11
"../../../Engine/Content/EngineResources/DefaultVolumeTexture.uasset" 12
"../../../Engine/Content/EngineResources/DefaultVolumeTexture.uexp" 13
"../../../Engine/Content/EditorResources/S_Trigger.ubulk" 14
"../../../Engine/Content/EditorResources/S_Trigger.uasset" 15
"../../../Engine/Content/EditorResources/S_Trigger.uexp" 16
"../../../Engine/Content/EditorResources/S_TriggerBox.uasset" 17
"../../../Engine/Content/EditorResources/S_TriggerBox.uexp" 18
"../../../Engine/Content/EditorResources/S_TriggerCapsule.uasset" 19
"../../../Engine/Content/EditorResources/S_TriggerCapsule.uexp" 20
"../../../Engine/Content/EditorResources/S_TriggerSphere.uasset" 21
"../../../Engine/Content/EditorResources/S_TriggerSphere.uexp" 22
"../../../Engine/Content/EngineMeshes/Sphere.ubulk" 23
"../../../Engine/Content/EngineMeshes/Sphere.uasset" 24
"../../../Engine/Content/EngineMeshes/Sphere.uexp" 25
"../../../Engine/Content/EngineResources/GradientTexture0.uasset" 26
"../../../Engine/Content/EngineResources/GradientTexture0.uexp" 27
"../../../Engine/Content/EngineResources/Black.uasset" 28
"../../../Engine/Content/EngineResources/Black.uexp" 29
"../../../Engine/Content/VREditor/LaserPointer/VR_LaserPower_01.ubulk" 30
"../../../Engine/Content/VREditor/LaserPointer/VR_LaserPower_01.uasset" 31
"../../../Engine/Content/VREditor/LaserPointer/VR_LaserPower_01.uexp" 32
"../../../Engine/Content/VREditor/TransformGizmo/TransformGizmoMaterial.uasset" 33
"../../../Engine/Content/VREditor/TransformGizmo/TransformGizmoMaterial.uexp" 34
"../../../Engine/Content/VREditor/TransformGizmo/TranslucentTransformGizmoMaterial.uasset" 35
"../../../Engine/Content/VREditor/TransformGizmo/TranslucentTransformGizmoMaterial.uexp" 36
"../../../Engine/Content/VREditor/TransformGizmo/PlaneTranslationHandle.ubulk" 37
"../../../Engine/Content/VREditor/TransformGizmo/PlaneTranslationHandle.uasset" 38
"../../../Engine/Content/VREditor/TransformGizmo/PlaneTranslationHandle.uexp" 39
"../../../Engine/Content/VREditor/TransformGizmo/BoundingBoxCorner.ubulk" 40
"../../../Engine/Content/VREditor/TransformGizmo/BoundingBoxCorner.uasset" 41
"../../../Engine/Content/VREditor/TransformGizmo/BoundingBoxCorner.uexp" 42
"../../../Engine/Content/VREditor/TransformGizmo/BoundingBoxEdge.ubulk" 43
"../../../Engine/Content/VREditor/TransformGizmo/BoundingBoxEdge.uasset" 44
"../../../Engine/Content/VREditor/TransformGizmo/BoundingBoxEdge.uexp" 45
"../../../Engine/Content/VREditor/TransformGizmo/Main.uasset" 46
"../../../Engine/Content/VREditor/TransformGizmo/Main.uexp" 47
"../../../Engine/Content/VREditor/TransformGizmo/Xray.uasset" 48
"../../../Engine/Content/VREditor/TransformGizmo/Xray.uexp" 49
"../../../Engine/Content/VREditor/TransformGizmo/SM_Sequencer_Node.ubulk" 50
"../../../Engine/Content/VREditor/TransformGizmo/SM_Sequencer_Node.uasset" 51
"../../../Engine/Content/VREditor/TransformGizmo/SM_Sequencer_Node.uexp" 52
"../../../Engine/Content/EditorMaterials/Camera/CineMat.uasset" 53
"../../../Engine/Content/EditorMaterials/Camera/CineMat.uexp" 54
"../../../Engine/Content/EditorMaterials/Camera/MI_CineMat_Rig.uasset" 55
"../../../Engine/Content/EditorMaterials/Camera/MI_CineMat_Rig.uexp" 56
"../../../Engine/Content/EditorMeshes/Camera/SM_CraneRig_Base.ubulk" 57
"../../../Engine/Content/EditorMeshes/Camera/SM_CraneRig_Base.uasset" 58
"../../../Engine/Content/EditorMeshes/Camera/SM_CraneRig_Base.uexp" 59
"../../../Engine/Content/EditorMeshes/Camera/SM_CraneRig_Arm.ubulk" 60
"../../../Engine/Content/EditorMeshes/Camera/SM_CraneRig_Arm.uasset" 61
"../../../Engine/Content/EditorMeshes/Camera/SM_CraneRig_Arm.uexp" 62
"../../../Engine/Content/EditorMeshes/Camera/SM_CraneRig_Mount.ubulk" 63
"../../../Engine/Content/EditorMeshes/Camera/SM_CraneRig_Mount.uasset" 64
"../../../Engine/Content/EditorMeshes/Camera/SM_CraneRig_Mount.uexp" 65
"../../../Engine/Content/EditorMeshes/Camera/SM_CraneRig_Body.ubulk" 66
"../../../Engine/Content/EditorMeshes/Camera/SM_CraneRig_Body.uasset" 67
"../../../Engine/Content/EditorMeshes/Camera/SM_CraneRig_Body.uexp" 68
"../../../Engine/Content/EditorMeshes/Camera/SM_RailRig_Track.ubulk" 69
"../../../Engine/Content/EditorMeshes/Camera/SM_RailRig_Track.uasset" 70
"../../../Engine/Content/EditorMeshes/Camera/SM_RailRig_Track.uexp" 71
"../../../Engine/Content/EditorMeshes/Camera/SM_RailRig_Mount.ubulk" 72
"../../../Engine/Content/EditorMeshes/Camera/SM_RailRig_Mount.uasset" 73
"../../../Engine/Content/EditorMeshes/Camera/SM_RailRig_Mount.uexp" 74
"../../../Engine/Content/EngineMaterials/T_Default_Material_Grid_M.ubulk" 75
"../../../Engine/Content/EngineMaterials/T_Default_Material_Grid_M.uasset" 76
"../../../Engine/Content/EngineMaterials/T_Default_Material_Grid_M.uexp" 77
"../../../Engine/Content/EngineMaterials/T_Default_Material_Grid_N.ubulk" 78
"../../../Engine/Content/EngineMaterials/T_Default_Material_Grid_N.uasset" 79
"../../../Engine/Content/EngineMaterials/T_Default_Material_Grid_N.uexp" 80
"../../../Engine/Content/Functions/Engine_MaterialFunctions01/Opacity/CameraDepthFade.uasset" 81
"../../../Engine/Content/Functions/Engine_MaterialFunctions01/Opacity/CameraDepthFade.uexp" 82
"../../../Engine/Content/EngineMaterials/WorldGridMaterial.uasset" 83
"../../../Engine/Content/EngineMaterials/WorldGridMaterial.uexp" 84
"../../../Engine/Content/ArtTools/RenderToTexture/Meshes/S_1_Unit_Plane.ubulk" 85
"../../../Engine/Content/ArtTools/RenderToTexture/Meshes/S_1_Unit_Plane.uasset" 86
"../../../Engine/Content/ArtTools/RenderToTexture/Meshes/S_1_Unit_Plane.uexp" 87
"../../../Engine/Content/EditorMaterials/ParticleSystems/PSysThumbnail_NoImage.ubulk" 88
"../../../Engine/Content/EditorMaterials/ParticleSystems/PSysThumbnail_NoImage.uasset" 89
"../../../Engine/Content/EditorMaterials/ParticleSystems/PSysThumbnail_NoImage.uexp" 90
"../../../Engine/Content/EditorMaterials/ParticleSystems/PSysThumbnail_OOD.ubulk" 91
"../../../Engine/Content/EditorMaterials/ParticleSystems/PSysThumbnail_OOD.uasset" 92
"../../../Engine/Content/EditorMaterials/ParticleSystems/PSysThumbnail_OOD.uexp" 93
"../../../Engine/Content/EditorLandscapeResources/SplineEditorMeshMat.uasset" 94
"../../../Engine/Content/EditorLandscapeResources/SplineEditorMeshMat.uexp" 95
"../../../Engine/Content/EditorLandscapeResources/SplineEditorMesh.ubulk" 96
"../../../Engine/Content/EditorLandscapeResources/SplineEditorMesh.uasset" 97
"../../../Engine/Content/EditorLandscapeResources/SplineEditorMesh.uexp" 98
"../../../Engine/Content/EditorResources/S_Solver.ubulk" 99
"../../../Engine/Content/EditorResources/S_Solver.uasset" 100
"../../../Engine/Content/EditorResources/S_Solver.uexp" 101
"../../../Engine/Plugins/Media/MediaPlate/Content/SM_MediaPlateScreen.ubulk" 102
"../../../Engine/Plugins/Media/MediaPlate/Content/SM_MediaPlateScreen.uasset" 103
"../../../Engine/Plugins/Media/MediaPlate/Content/SM_MediaPlateScreen.uexp" 104
"../../../Engine/Content/EngineMaterials/Good64x64TilingNoiseHighFreq.uasset" 105
"../../../Engine/Content/EngineMaterials/Good64x64TilingNoiseHighFreq.uexp" 106
"../../../Engine/Content/EngineMaterials/DefaultBokeh.uasset" 107
"../../../Engine/Content/EngineMaterials/DefaultBokeh.uexp" 108
"../../../Engine/Content/EngineMaterials/PreintegratedSkinBRDF.uasset" 109
"../../../Engine/Content/EngineMaterials/PreintegratedSkinBRDF.uexp" 110
"../../../Engine/Content/EngineMaterials/MiniFont.uasset" 111
"../../../Engine/Content/EngineMaterials/MiniFont.uexp" 112
"../../../Engine/Content/EngineMaterials/WeightMapPlaceholderTexture.uasset" 113
"../../../Engine/Content/EngineMaterials/WeightMapPlaceholderTexture.uexp" 114
"../../../Engine/Content/EngineMaterials/DefaultWhiteGrid.ubulk" 115
"../../../Engine/Content/EngineMaterials/DefaultWhiteGrid.uasset" 116
"../../../Engine/Content/EngineMaterials/DefaultWhiteGrid.uexp" 117
"../../../Engine/Plugins/2D/Paper2D/Content/PlaceholderTextures/DummySpriteTexture.ubulk" 118
"../../../Engine/Plugins/2D/Paper2D/Content/PlaceholderTextures/DummySpriteTexture.uasset" 119
"../../../Engine/Plugins/2D/Paper2D/Content/PlaceholderTextures/DummySpriteTexture.uexp" 120
"../../../Engine/Plugins/2D/Paper2D/Content/DefaultSpriteMaterial.uasset" 121
"../../../Engine/Plugins/2D/Paper2D/Content/DefaultSpriteMaterial.uexp" 122
"../../../Engine/Plugins/2D/Paper2D/Content/OpaqueUnlitSpriteMaterial.uasset" 123
"../../../Engine/Plugins/2D/Paper2D/Content/OpaqueUnlitSpriteMaterial.uexp" 124
"../../../Engine/Plugins/2D/Paper2D/Content/MaskedUnlitSpriteMaterial.uasset" 125
"../../../Engine/Plugins/2D/Paper2D/Content/MaskedUnlitSpriteMaterial.uexp" 126
"../../../Engine/Plugins/2D/Paper2D/Content/DummySprite.uasset" 127
"../../../Engine/Plugins/2D/Paper2D/Content/DummySprite.uexp" 128
"../../../Engine/Plugins/2D/Paper2D/Content/DefaultPaperTerrainMaterial.uasset" 129
"../../../Engine/Plugins/2D/Paper2D/Content/DefaultPaperTerrainMaterial.uexp" 130
"../../../Engine/Content/Functions/Engine_MaterialFunctions02/WorldPositionOffset/CameraOffset.uasset" 131
"../../../Engine/Content/Functions/Engine_MaterialFunctions02/WorldPositionOffset/CameraOffset.uexp" 132
"../../../Engine/Plugins/Animation/ControlRig/Content/M_Manip.uasset" 133
"../../../Engine/Plugins/Animation/ControlRig/Content/M_Manip.uexp" 134
"../../../Engine/Content/Animation/DefaultRecorderBoneCompression.uasset" 135
"../../../Engine/Content/Animation/DefaultRecorderBoneCompression.uexp" 136
"../../../Engine/Content/EditorResources/S_Terrain.ubulk" 137
"../../../Engine/Content/EditorResources/S_Terrain.uasset" 138
"../../../Engine/Content/EditorResources/S_Terrain.uexp" 139
"../../../Engine/Plugins/Animation/ControlRig/Content/Controls/DefaultGizmoLibraryNormalized.uasset" 140
"../../../Engine/Plugins/Animation/ControlRig/Content/Controls/DefaultGizmoLibraryNormalized.uexp" 141
"../../../Engine/Plugins/Animation/ControlRig/Content/Controls/ControlRig_Wedge_solid.ubulk" 142
"../../../Engine/Plugins/Animation/ControlRig/Content/Controls/ControlRig_Wedge_solid.uasset" 143
"../../../Engine/Plugins/Animation/ControlRig/Content/Controls/ControlRig_Wedge_solid.uexp" 144
"../../../Engine/Plugins/Animation/ControlRig/Content/Controls/ControlRig_Wedge_3mm.ubulk" 145
"../../../Engine/Plugins/Animation/ControlRig/Content/Controls/ControlRig_Wedge_3mm.uasset" 146
"../../../Engine/Plugins/Animation/ControlRig/Content/Controls/ControlRig_Wedge_3mm.uexp" 147
"../../../Engine/Plugins/Animation/ControlRig/Content/Controls/ControlRig_Wedge_1mm.ubulk" 148
"../../../Engine/Plugins/Animation/ControlRig/Content/Controls/ControlRig_Wedge_1mm.uasset" 149
"../../../Engine/Plugins/Animation/ControlRig/Content/Controls/ControlRig_Wedge_1mm.uexp" 150
"../../../Engine/Plugins/Animation/ControlRig/Content/Controls/ControlRig_Triangle_solid.ubulk" 151
"../../../Engine/Plugins/Animation/ControlRig/Content/Controls/ControlRig_Triangle_solid.uasset" 152
"../../../Engine/Plugins/Animation/ControlRig/Content/Controls/ControlRig_Triangle_solid.uexp" 153
"../../../Engine/Plugins/Animation/ControlRig/Content/Controls/ControlRig_Triangle_3mm.ubulk" 154
"../../../Engine/Plugins/Animation/ControlRig/Content/Controls/ControlRig_Triangle_3mm.uasset" 155
"../../../Engine/Plugins/Animation/ControlRig/Content/Controls/ControlRig_Triangle_3mm.uexp" 156
"../../../Engine/Plugins/Animation/ControlRig/Content/Controls/ControlRig_Triangle_1mm.ubulk" 157
"../../../Engine/Plugins/Animation/ControlRig/Content/Controls/ControlRig_Triangle_1mm.uasset" 158
"../../../Engine/Plugins/Animation/ControlRig/Content/Controls/ControlRig_Triangle_1mm.uexp" 159
"../../../Engine/Plugins/Animation/ControlRig/Content/Controls/ControlRig_Star4_solid.ubulk" 160
"../../../Engine/Plugins/Animation/ControlRig/Content/Controls/ControlRig_Star4_solid.uasset" 161
"../../../Engine/Plugins/Animation/ControlRig/Content/Controls/ControlRig_Star4_solid.uexp" 162
"../../../Engine/Plugins/Animation/ControlRig/Content/Controls/ControlRig_Star4_3mm.ubulk" 163
"../../../Engine/Plugins/Animation/ControlRig/Content/Controls/ControlRig_Star4_3mm.uasset" 164
"../../../Engine/Plugins/Animation/ControlRig/Content/Controls/ControlRig_Star4_3mm.uexp" 165
"../../../Engine/Plugins/Animation/ControlRig/Content/Controls/ControlRig_Star4_1mm.ubulk" 166
"../../../Engine/Plugins/Animation/ControlRig/Content/Controls/ControlRig_Star4_1mm.uasset" 167
"../../../Engine/Plugins/Animation/ControlRig/Content/Controls/ControlRig_Star4_1mm.uexp" 168
"../../../Engine/Plugins/Animation/ControlRig/Content/Controls/ControlRig_Square_solid.ubulk" 169
"../../../Engine/Plugins/Animation/ControlRig/Content/Controls/ControlRig_Square_solid.uasset" 170
"../../../Engine/Plugins/Animation/ControlRig/Content/Controls/ControlRig_Square_solid.uexp" 171
"../../../Engine/Plugins/Animation/ControlRig/Content/Controls/ControlRig_Square_3mm.ubulk" 172
"../../../Engine/Plugins/Animation/ControlRig/Content/Controls/ControlRig_Square_3mm.uasset" 173
"../../../Engine/Plugins/Animation/ControlRig/Content/Controls/ControlRig_Square_3mm.uexp" 174
"../../../Engine/Plugins/Animation/ControlRig/Content/Controls/ControlRig_Square_1mm.ubulk" 175
"../../../Engine/Plugins/Animation/ControlRig/Content/Controls/ControlRig_Square_1mm.uasset" 176
"../../../Engine/Plugins/Animation/ControlRig/Content/Controls/ControlRig_Square_1mm.uexp" 177
"../../../Engine/Plugins/Editor/SpeedTreeImporter/Content/SpeedTree9/game_wind_noise.ubulk" 178
"../../../Engine/Plugins/Editor/SpeedTreeImporter/Content/SpeedTree9/game_wind_noise.uasset" 179
"../../../Engine/Plugins/Editor/SpeedTreeImporter/Content/SpeedTree9/game_wind_noise.uexp" 180
"../../../Engine/Plugins/Editor/SpeedTreeImporter/Content/SpeedTree9/UnpackDirection.uasset" 181
"../../../Engine/Plugins/Editor/SpeedTreeImporter/Content/SpeedTree9/UnpackDirection.uexp" 182
"../../../Engine/Content/Functions/Engine_MaterialFunctions02/ObjectLocalBounds.uasset" 183
"../../../Engine/Content/Functions/Engine_MaterialFunctions02/ObjectLocalBounds.uexp" 184
"../../../Engine/Content/Functions/Engine_MaterialFunctions02/Utility/BreakOutFloat3Components.uasset" 185
"../../../Engine/Content/Functions/Engine_MaterialFunctions02/Utility/BreakOutFloat3Components.uexp" 186
"../../../Engine/Content/Functions/Engine_MaterialFunctions02/UVs/BoundingBoxBased_0-1_UVW.uasset" 187
"../../../Engine/Content/Functions/Engine_MaterialFunctions02/UVs/BoundingBoxBased_0-1_UVW.uexp" 188
"../../../Engine/Content/Functions/Engine_MaterialFunctions02/Utility/VectorLength.uasset" 189
"../../../Engine/Content/Functions/Engine_MaterialFunctions02/Utility/VectorLength.uexp" 190
"../../../Engine/Plugins/Editor/SpeedTreeImporter/Content/SpeedTree9/UnpackInteger3.uasset" 191
"../../../Engine/Plugins/Editor/SpeedTreeImporter/Content/SpeedTree9/UnpackInteger3.uexp" 192
"../../../Engine/Plugins/Editor/SpeedTreeImporter/Content/SpeedTree9/SpeedTreeCameraFacing.uasset" 193
"../../../Engine/Plugins/Editor/SpeedTreeImporter/Content/SpeedTree9/SpeedTreeCameraFacing.uexp" 194
"../../../Engine/Content/Functions/Engine_MaterialFunctions02/WorldPositionOffset/ObjectScale.uasset" 195
"../../../Engine/Content/Functions/Engine_MaterialFunctions02/WorldPositionOffset/ObjectScale.uexp" 196
"../../../Engine/Content/Functions/Engine_MaterialFunctions02/SafeNormalize.uasset" 197
"../../../Engine/Content/Functions/Engine_MaterialFunctions02/SafeNormalize.uexp" 198
"../../../Engine/Plugins/Editor/SpeedTreeImporter/Content/SpeedTree9/SpeedTreeWindMotion.uasset" 199
"../../../Engine/Plugins/Editor/SpeedTreeImporter/Content/SpeedTree9/SpeedTreeWindMotion.uexp" 200
"../../../Engine/Plugins/Editor/SpeedTreeImporter/Content/SpeedTree9/SpeedTreeBranchMotion.uasset" 201
"../../../Engine/Plugins/Editor/SpeedTreeImporter/Content/SpeedTree9/SpeedTreeBranchMotion.uexp" 202
"../../../Engine/Plugins/Editor/SpeedTreeImporter/Content/SpeedTree9/SpeedTreeWind.uasset" 203
"../../../Engine/Plugins/Editor/SpeedTreeImporter/Content/SpeedTree9/SpeedTreeWind.uexp" 204
"../../../Engine/Plugins/Editor/SpeedTreeImporter/Content/SpeedTree9/EmptyNormal.uasset" 205
"../../../Engine/Plugins/Editor/SpeedTreeImporter/Content/SpeedTree9/EmptyNormal.uexp" 206
"../../../Engine/Plugins/Editor/SpeedTreeImporter/Content/SpeedTree9/Empty.uasset" 207
"../../../Engine/Plugins/Editor/SpeedTreeImporter/Content/SpeedTree9/Empty.uexp" 208
"../../../Engine/Plugins/Editor/SpeedTreeImporter/Content/SpeedTree9/SpeedTreeMaster.uasset" 209
"../../../Engine/Plugins/Editor/SpeedTreeImporter/Content/SpeedTree9/SpeedTreeMaster.uexp" 210
"../../../Engine/Plugins/Editor/SpeedTreeImporter/Content/SpeedTree9/SpeedTreeBillboard.uasset" 211
"../../../Engine/Plugins/Editor/SpeedTreeImporter/Content/SpeedTree9/SpeedTreeBillboard.uexp" 212
"../../../Engine/Plugins/Editor/SpeedTreeImporter/Content/SpeedTree9/SpeedTreeBillboardMaster.uasset" 213
"../../../Engine/Plugins/Editor/SpeedTreeImporter/Content/SpeedTree9/SpeedTreeBillboardMaster.uexp" 214
"D:/Github/Projects/Leaving-The-Tide/Content/Structures/S_State.uasset" 215
"D:/Github/Projects/Leaving-The-Tide/Content/Structures/S_State.uexp" 216
"D:/Github/Projects/Leaving-The-Tide/Content/Structures/S_NPC_Old.uasset" 217
"D:/Github/Projects/Leaving-The-Tide/Content/Structures/S_NPC_Old.uexp" 218
"D:/Github/Projects/Leaving-The-Tide/Content/DataTables/DT_LittleGirl.uasset" 219
"D:/Github/Projects/Leaving-The-Tide/Content/DataTables/DT_LittleGirl.uexp" 220
"D:/Github/Projects/Leaving-The-Tide/Content/DataTables/DT_Grandma.uasset" 221
"D:/Github/Projects/Leaving-The-Tide/Content/DataTables/DT_Grandma.uexp" 222
"D:/Github/Projects/Leaving-The-Tide/Content/DataTables/DT_Fisherman.uasset" 223
"D:/Github/Projects/Leaving-The-Tide/Content/DataTables/DT_Fisherman.uexp" 224
"D:/Github/Projects/Leaving-The-Tide/Content/Blueprints/Widgets/WBP_Letterbox.uasset" 225
"D:/Github/Projects/Leaving-The-Tide/Content/Blueprints/Widgets/WBP_Letterbox.uexp" 226
"D:/Github/Projects/Leaving-The-Tide/Content/Assets/Sprites/ThoughtBubble.uasset" 227
"D:/Github/Projects/Leaving-The-Tide/Content/Assets/Sprites/ThoughtBubble.uexp" 228
"D:/Github/Projects/Leaving-The-Tide/Content/Blueprints/Widgets/WBP_InteractionPrompt.uasset" 229
"D:/Github/Projects/Leaving-The-Tide/Content/Blueprints/Widgets/WBP_InteractionPrompt.uexp" 230
"D:/Github/Projects/Leaving-The-Tide/Content/Audio/bubble-sound.ubulk" 231
"D:/Github/Projects/Leaving-The-Tide/Content/Audio/bubble-sound.uasset" 232
"D:/Github/Projects/Leaving-The-Tide/Content/Audio/bubble-sound.uexp" 233
"D:/Github/Projects/Leaving-The-Tide/Content/DataTables/DT_LittleBoy.uasset" 234
"D:/Github/Projects/Leaving-The-Tide/Content/DataTables/DT_LittleBoy.uexp" 235
"D:/Github/Projects/Leaving-The-Tide/Content/DataTables/DT_FatBoy.uasset" 236
"D:/Github/Projects/Leaving-The-Tide/Content/DataTables/DT_FatBoy.uexp" 237
"D:/Github/Projects/Leaving-The-Tide/Content/Assets/Sprites/SpeechBubbleWithName.uasset" 238
"D:/Github/Projects/Leaving-The-Tide/Content/Assets/Sprites/SpeechBubbleWithName.uexp" 239
"D:/Github/Projects/Leaving-The-Tide/Content/Blueprints/Widgets/WBP_DialogueBox.uasset" 240
"D:/Github/Projects/Leaving-The-Tide/Content/Blueprints/Widgets/WBP_DialogueBox.uexp" 241
"D:/Github/Projects/Leaving-The-Tide/Content/ETC/Input/Actions/IA_Interact.uasset" 242
"D:/Github/Projects/Leaving-The-Tide/Content/ETC/Input/Actions/IA_Interact.uexp" 243
"D:/Github/Projects/Leaving-The-Tide/Content/ETC/Input/Actions/IA_Move.uasset" 244
"D:/Github/Projects/Leaving-The-Tide/Content/ETC/Input/Actions/IA_Move.uexp" 245
"D:/Github/Projects/Leaving-The-Tide/Content/ETC/Input/Actions/IA_Look.uasset" 246
"D:/Github/Projects/Leaving-The-Tide/Content/ETC/Input/Actions/IA_Look.uexp" 247
"D:/Github/Projects/Leaving-The-Tide/Content/ETC/Input/IMC_Default.uasset" 248
"D:/Github/Projects/Leaving-The-Tide/Content/ETC/Input/IMC_Default.uexp" 249
"../../../Engine/Content/EditorBlueprintResources/StandardMacros.uasset" 250
"../../../Engine/Content/EditorBlueprintResources/StandardMacros.uexp" 251
"D:/Github/Projects/Leaving-The-Tide/Content/Blueprints/Widgets/WBP_SpeechBubble.uasset" 252
"D:/Github/Projects/Leaving-The-Tide/Content/Blueprints/Widgets/WBP_SpeechBubble.uexp" 253
"D:/Github/Projects/Leaving-The-Tide/Content/Structures/S_NPC.uasset" 254
"D:/Github/Projects/Leaving-The-Tide/Content/Structures/S_NPC.uexp" 255
"D:/Github/Projects/Leaving-The-Tide/Content/DataTables/DT_NPC.uasset" 256
"D:/Github/Projects/Leaving-The-Tide/Content/DataTables/DT_NPC.uexp" 257
"D:/Github/Projects/Leaving-The-Tide/Content/Blueprints/Interfaces/BPI_InteractNPC.uasset" 258
"D:/Github/Projects/Leaving-The-Tide/Content/Blueprints/Interfaces/BPI_InteractNPC.uexp" 259
"D:/Github/Projects/Leaving-The-Tide/Content/Assets/Materials/M_FlatBase.uasset" 260
"D:/Github/Projects/Leaving-The-Tide/Content/Assets/Materials/M_FlatBase.uexp" 261
"D:/Github/Projects/Leaving-The-Tide/Content/Assets/Materials/M_FlatGreyLight_Inst.uasset" 262
"D:/Github/Projects/Leaving-The-Tide/Content/Assets/Materials/M_FlatGreyLight_Inst.uexp" 263
"D:/Github/Projects/Leaving-The-Tide/Content/Assets/Meshes/SK_Devvy_M_PhysicsAsset.uasset" 264
"D:/Github/Projects/Leaving-The-Tide/Content/Assets/Meshes/SK_Devvy_M_PhysicsAsset.uexp" 265
"D:/Github/Projects/Leaving-The-Tide/Content/Assets/Meshes/SK_Devvy_M_Skeleton.uasset" 266
"D:/Github/Projects/Leaving-The-Tide/Content/Assets/Meshes/SK_Devvy_M_Skeleton.uexp" 267
"D:/Github/Projects/Leaving-The-Tide/Content/Assets/Meshes/SK_Devvy_M.uasset" 268
"D:/Github/Projects/Leaving-The-Tide/Content/Assets/Meshes/SK_Devvy_M.uexp" 269
"D:/Github/Projects/Leaving-The-Tide/Content/Blueprints/Player/QuestSystem/QuestStruct.uasset" 270
"D:/Github/Projects/Leaving-The-Tide/Content/Blueprints/Player/QuestSystem/QuestStruct.uexp" 271
"D:/Github/Projects/Leaving-The-Tide/Content/DataTables/QuestDataTable.uasset" 272
"D:/Github/Projects/Leaving-The-Tide/Content/DataTables/QuestDataTable.uexp" 273
"D:/Github/Projects/Leaving-The-Tide/Content/Blueprints/Widgets/QuestWidget.uasset" 274
"D:/Github/Projects/Leaving-The-Tide/Content/Blueprints/Widgets/QuestWidget.uexp" 275
"D:/Github/Projects/Leaving-The-Tide/Content/Blueprints/Player/QuestSystem/QuestManager.uasset" 276
"D:/Github/Projects/Leaving-The-Tide/Content/Blueprints/Player/QuestSystem/QuestManager.uexp" 277
"D:/Github/Projects/Leaving-The-Tide/Content/Blueprints/Actor/AC_NPC.uasset" 278
"D:/Github/Projects/Leaving-The-Tide/Content/Blueprints/Actor/AC_NPC.uexp" 279
"D:/Github/Projects/Leaving-The-Tide/Content/Blueprints/ActorComponents/AC_Interactable_NPC.uasset" 280
"D:/Github/Projects/Leaving-The-Tide/Content/Blueprints/ActorComponents/AC_Interactable_NPC.uexp" 281
"D:/Github/Projects/Leaving-The-Tide/Content/ETC/Blueprints/BP_ThirdPersonCharacter.uasset" 282
"D:/Github/Projects/Leaving-The-Tide/Content/ETC/Blueprints/BP_ThirdPersonCharacter.uexp" 283
"D:/Github/Projects/Leaving-The-Tide/Content/TRASH/AC_DialogueRunner.uasset" 284
"D:/Github/Projects/Leaving-The-Tide/Content/TRASH/AC_DialogueRunner.uexp" 285
"D:/Github/Projects/Leaving-The-Tide/Content/Blueprints/Widgets/WBP_Dialogue.uasset" 286
"D:/Github/Projects/Leaving-The-Tide/Content/Blueprints/Widgets/WBP_Dialogue.uexp" 287
"D:/Github/Projects/Leaving-The-Tide/Content/ETC/Blueprints/BP_ThirdPersonGameMode.uasset" 288
"D:/Github/Projects/Leaving-The-Tide/Content/ETC/Blueprints/BP_ThirdPersonGameMode.uexp" 289
"D:/Github/Projects/Leaving-The-Tide/Content/Blueprints/Interfaces/BPI_InteractObject.uasset" 290
"D:/Github/Projects/Leaving-The-Tide/Content/Blueprints/Interfaces/BPI_InteractObject.uexp" 291
"D:/Github/Projects/Leaving-The-Tide/Content/Audio/bubble-pop.ubulk" 292
"D:/Github/Projects/Leaving-The-Tide/Content/Audio/bubble-pop.uasset" 293
"D:/Github/Projects/Leaving-The-Tide/Content/Audio/bubble-pop.uexp" 294
"D:/Github/Projects/Leaving-The-Tide/Content/Assets/Sprites/SpeechBubble.uasset" 295
"D:/Github/Projects/Leaving-The-Tide/Content/Assets/Sprites/SpeechBubble.uexp" 296
"D:/Github/Projects/Leaving-The-Tide/Content/Assets/Sprites/boy.uasset" 297
"D:/Github/Projects/Leaving-The-Tide/Content/Assets/Sprites/boy.uexp" 298
"D:/Github/Projects/Leaving-The-Tide/Content/Assets/Materials/M_FlatPillar_Inst.uasset" 299
"D:/Github/Projects/Leaving-The-Tide/Content/Assets/Materials/M_FlatPillar_Inst.uexp" 300
"D:/Github/Projects/Leaving-The-Tide/Content/Assets/Materials/M_FlatGreyDark_Inst.uasset" 301
"D:/Github/Projects/Leaving-The-Tide/Content/Assets/Materials/M_FlatGreyDark_Inst.uexp" 302
"D:/Github/Projects/Leaving-The-Tide/Content/Assets/Materials/M_FlatFloor_Inst.uasset" 303
"D:/Github/Projects/Leaving-The-Tide/Content/Assets/Materials/M_FlatFloor_Inst.uexp" 304
"../../../Engine/Content/Animation/DefaultAnimCurveCompressionSettings.uasset" 305
"../../../Engine/Content/Animation/DefaultAnimCurveCompressionSettings.uexp" 306
"../../../Engine/Content/Animation/DefaultAnimBoneCompressionSettings.uasset" 307
"../../../Engine/Content/Animation/DefaultAnimBoneCompressionSettings.uexp" 308
"D:/Github/Projects/Leaving-The-Tide/Content/Assets/Animations/Anim_Run.uasset" 309
"D:/Github/Projects/Leaving-The-Tide/Content/Assets/Animations/Anim_Run.uexp" 310
"../../../Engine/Plugins/Runtime/MeshModelingToolset/Content/Materials/M_DynamicMeshComponentVtxColor.uasset" 311
"../../../Engine/Plugins/Runtime/MeshModelingToolset/Content/Materials/M_DynamicMeshComponentVtxColor.uexp" 312
"../../../Engine/Plugins/Interchange/Runtime/Content/Pipelines/DefaultTexturePipeline.uasset" 313
"../../../Engine/Plugins/Interchange/Runtime/Content/Pipelines/DefaultTexturePipeline.uexp" 314
"../../../Engine/Plugins/Interchange/Runtime/Content/Pipelines/DefaultSceneLevelPipeline.uasset" 315
"../../../Engine/Plugins/Interchange/Runtime/Content/Pipelines/DefaultSceneLevelPipeline.uexp" 316
"../../../Engine/Plugins/Interchange/Runtime/Content/Pipelines/DefaultSceneAssetsPipeline.uasset" 317
"../../../Engine/Plugins/Interchange/Runtime/Content/Pipelines/DefaultSceneAssetsPipeline.uexp" 318
"../../../Engine/Plugins/Interchange/Runtime/Content/Pipelines/DefaultMaterialPipeline.uasset" 319
"../../../Engine/Plugins/Interchange/Runtime/Content/Pipelines/DefaultMaterialPipeline.uexp" 320
"../../../Engine/Plugins/Interchange/Runtime/Content/Pipelines/DefaultAssetsPipeline.uasset" 321
"../../../Engine/Plugins/Interchange/Runtime/Content/Pipelines/DefaultAssetsPipeline.uexp" 322
"../../../Engine/Plugins/Animation/ControlRig/Content/Controls/ControlRig_Sphere_solid.ubulk" 323
"../../../Engine/Plugins/Animation/ControlRig/Content/Controls/ControlRig_Sphere_solid.uasset" 324
"../../../Engine/Plugins/Animation/ControlRig/Content/Controls/ControlRig_Sphere_solid.uexp" 325
"../../../Engine/Plugins/Animation/ControlRig/Content/Controls/ControlRig_Sphere_3mm.ubulk" 326
"../../../Engine/Plugins/Animation/ControlRig/Content/Controls/ControlRig_Sphere_3mm.uasset" 327
"../../../Engine/Plugins/Animation/ControlRig/Content/Controls/ControlRig_Sphere_3mm.uexp" 328
"../../../Engine/Plugins/Animation/ControlRig/Content/Controls/ControlRig_Sphere_1mm.ubulk" 329
"../../../Engine/Plugins/Animation/ControlRig/Content/Controls/ControlRig_Sphere_1mm.uasset" 330
"../../../Engine/Plugins/Animation/ControlRig/Content/Controls/ControlRig_Sphere_1mm.uexp" 331
"../../../Engine/Plugins/Animation/ControlRig/Content/Controls/ControlRig_RoundedTriangle_solid.ubulk" 332
"../../../Engine/Plugins/Animation/ControlRig/Content/Controls/ControlRig_RoundedTriangle_solid.uasset" 333
"../../../Engine/Plugins/Animation/ControlRig/Content/Controls/ControlRig_RoundedTriangle_solid.uexp" 334
"../../../Engine/Plugins/Animation/ControlRig/Content/Controls/ControlRig_RoundedTriangle_3mm.ubulk" 335
"../../../Engine/Plugins/Animation/ControlRig/Content/Controls/ControlRig_RoundedTriangle_3mm.uasset" 336
"../../../Engine/Plugins/Animation/ControlRig/Content/Controls/ControlRig_RoundedTriangle_3mm.uexp" 337
"../../../Engine/Plugins/Animation/ControlRig/Content/Controls/ControlRig_RoundedTriangle_1mm.ubulk" 338
"../../../Engine/Plugins/Animation/ControlRig/Content/Controls/ControlRig_RoundedTriangle_1mm.uasset" 339
"../../../Engine/Plugins/Animation/ControlRig/Content/Controls/ControlRig_RoundedTriangle_1mm.uexp" 340
"../../../Engine/Plugins/Animation/ControlRig/Content/Controls/ControlRig_RoundedSquare_solid.ubulk" 341
"../../../Engine/Plugins/Animation/ControlRig/Content/Controls/ControlRig_RoundedSquare_solid.uasset" 342
"../../../Engine/Plugins/Animation/ControlRig/Content/Controls/ControlRig_RoundedSquare_solid.uexp" 343
"../../../Engine/Plugins/Animation/ControlRig/Content/Controls/ControlRig_RoundedSquare_3mm.ubulk" 344
"../../../Engine/Plugins/Animation/ControlRig/Content/Controls/ControlRig_RoundedSquare_3mm.uasset" 345
"../../../Engine/Plugins/Animation/ControlRig/Content/Controls/ControlRig_RoundedSquare_3mm.uexp" 346
"../../../Engine/Plugins/Animation/ControlRig/Content/Controls/ControlRig_RoundedSquare_1mm.ubulk" 347
"../../../Engine/Plugins/Animation/ControlRig/Content/Controls/ControlRig_RoundedSquare_1mm.uasset" 348
"../../../Engine/Plugins/Animation/ControlRig/Content/Controls/ControlRig_RoundedSquare_1mm.uexp" 349
"../../../Engine/Plugins/Animation/ControlRig/Content/Controls/ControlRig_QuarterCircle_solid.ubulk" 350
"../../../Engine/Plugins/Animation/ControlRig/Content/Controls/ControlRig_QuarterCircle_solid.uasset" 351
"../../../Engine/Plugins/Animation/ControlRig/Content/Controls/ControlRig_QuarterCircle_solid.uexp" 352
"../../../Engine/Plugins/Animation/ControlRig/Content/Controls/ControlRig_QuarterCircle_3mm.ubulk" 353
"../../../Engine/Plugins/Animation/ControlRig/Content/Controls/ControlRig_QuarterCircle_3mm.uasset" 354
"../../../Engine/Plugins/Animation/ControlRig/Content/Controls/ControlRig_QuarterCircle_3mm.uexp" 355
"../../../Engine/Plugins/Animation/ControlRig/Content/Controls/ControlRig_QuarterCircle_1mm.ubulk" 356
"../../../Engine/Plugins/Animation/ControlRig/Content/Controls/ControlRig_QuarterCircle_1mm.uasset" 357
"../../../Engine/Plugins/Animation/ControlRig/Content/Controls/ControlRig_QuarterCircle_1mm.uexp" 358
"../../../Engine/Plugins/Animation/ControlRig/Content/Controls/ControlRig_Pyramid_solid.ubulk" 359
"../../../Engine/Plugins/Animation/ControlRig/Content/Controls/ControlRig_Pyramid_solid.uasset" 360
"../../../Engine/Plugins/Animation/ControlRig/Content/Controls/ControlRig_Pyramid_solid.uexp" 361
"../../../Engine/Plugins/Animation/ControlRig/Content/Controls/ControlRig_Pyramid_3mm.ubulk" 362
"../../../Engine/Plugins/Animation/ControlRig/Content/Controls/ControlRig_Pyramid_3mm.uasset" 363
"../../../Engine/Plugins/Animation/ControlRig/Content/Controls/ControlRig_Pyramid_3mm.uexp" 364
"../../../Engine/Plugins/Animation/ControlRig/Content/Controls/ControlRig_Pyramid_1mm.ubulk" 365
"../../../Engine/Plugins/Animation/ControlRig/Content/Controls/ControlRig_Pyramid_1mm.uasset" 366
"../../../Engine/Plugins/Animation/ControlRig/Content/Controls/ControlRig_Pyramid_1mm.uexp" 367
"../../../Engine/Plugins/Animation/ControlRig/Content/Controls/ControlRig_Octagon_solid.ubulk" 368
"../../../Engine/Plugins/Animation/ControlRig/Content/Controls/ControlRig_Octagon_solid.uasset" 369
"../../../Engine/Plugins/Animation/ControlRig/Content/Controls/ControlRig_Octagon_solid.uexp" 370
"../../../Engine/Plugins/Animation/ControlRig/Content/Controls/ControlRig_Octagon_3mm.ubulk" 371
"../../../Engine/Plugins/Animation/ControlRig/Content/Controls/ControlRig_Octagon_3mm.uasset" 372
"../../../Engine/Plugins/Animation/ControlRig/Content/Controls/ControlRig_Octagon_3mm.uexp" 373
"../../../Engine/Plugins/Animation/ControlRig/Content/Controls/ControlRig_Octagon_1mm.ubulk" 374
"../../../Engine/Plugins/Animation/ControlRig/Content/Controls/ControlRig_Octagon_1mm.uasset" 375
"../../../Engine/Plugins/Animation/ControlRig/Content/Controls/ControlRig_Octagon_1mm.uexp" 376
"../../../Engine/Plugins/Animation/ControlRig/Content/Controls/ControlRig_Hexagon_solid.ubulk" 377
"../../../Engine/Plugins/Animation/ControlRig/Content/Controls/ControlRig_Hexagon_solid.uasset" 378
"../../../Engine/Plugins/Animation/ControlRig/Content/Controls/ControlRig_Hexagon_solid.uexp" 379
"../../../Engine/Plugins/Animation/ControlRig/Content/Controls/ControlRig_Hexagon_3mm.ubulk" 380
"../../../Engine/Plugins/Animation/ControlRig/Content/Controls/ControlRig_Hexagon_3mm.uasset" 381
"../../../Engine/Plugins/Animation/ControlRig/Content/Controls/ControlRig_Hexagon_3mm.uexp" 382
"../../../Engine/Plugins/Animation/ControlRig/Content/Controls/ControlRig_Hexagon_1mm.ubulk" 383
"../../../Engine/Plugins/Animation/ControlRig/Content/Controls/ControlRig_Hexagon_1mm.uasset" 384
"../../../Engine/Plugins/Animation/ControlRig/Content/Controls/ControlRig_Hexagon_1mm.uexp" 385
"../../../Engine/Plugins/Animation/ControlRig/Content/Controls/ControlRig_HalfCircle_solid.ubulk" 386
"../../../Engine/Plugins/Animation/ControlRig/Content/Controls/ControlRig_HalfCircle_solid.uasset" 387
"../../../Engine/Plugins/Animation/ControlRig/Content/Controls/ControlRig_HalfCircle_solid.uexp" 388
"../../../Engine/Plugins/Animation/ControlRig/Content/Controls/ControlRig_HalfCircle_3mm.ubulk" 389
"../../../Engine/Plugins/Animation/ControlRig/Content/Controls/ControlRig_HalfCircle_3mm.uasset" 390
"../../../Engine/Plugins/Animation/ControlRig/Content/Controls/ControlRig_HalfCircle_3mm.uexp" 391
"../../../Engine/Plugins/Animation/ControlRig/Content/Controls/ControlRig_HalfCircle_1mm.ubulk" 392
"../../../Engine/Plugins/Animation/ControlRig/Content/Controls/ControlRig_HalfCircle_1mm.uasset" 393
"../../../Engine/Plugins/Animation/ControlRig/Content/Controls/ControlRig_HalfCircle_1mm.uexp" 394
"../../../Engine/Plugins/Animation/ControlRig/Content/Controls/ControlRig_Diamond_solid.ubulk" 395
"../../../Engine/Plugins/Animation/ControlRig/Content/Controls/ControlRig_Diamond_solid.uasset" 396
"../../../Engine/Plugins/Animation/ControlRig/Content/Controls/ControlRig_Diamond_solid.uexp" 397
"../../../Engine/Plugins/Animation/ControlRig/Content/Controls/ControlRig_Diamond_3mm.ubulk" 398
"../../../Engine/Plugins/Animation/ControlRig/Content/Controls/ControlRig_Diamond_3mm.uasset" 399
"../../../Engine/Plugins/Animation/ControlRig/Content/Controls/ControlRig_Diamond_3mm.uexp" 400
"../../../Engine/Plugins/Animation/ControlRig/Content/Controls/ControlRig_Diamond_1mm.ubulk" 401
"../../../Engine/Plugins/Animation/ControlRig/Content/Controls/ControlRig_Diamond_1mm.uasset" 402
"../../../Engine/Plugins/Animation/ControlRig/Content/Controls/ControlRig_Diamond_1mm.uexp" 403
"../../../Engine/Plugins/Animation/ControlRig/Content/Controls/ControlRig_Circle_solid.ubulk" 404
"../../../Engine/Plugins/Animation/ControlRig/Content/Controls/ControlRig_Circle_solid.uasset" 405
"../../../Engine/Plugins/Animation/ControlRig/Content/Controls/ControlRig_Circle_solid.uexp" 406
"../../../Engine/Plugins/Animation/ControlRig/Content/Controls/ControlRig_Circle_3mm.ubulk" 407
"../../../Engine/Plugins/Animation/ControlRig/Content/Controls/ControlRig_Circle_3mm.uasset" 408
"../../../Engine/Plugins/Animation/ControlRig/Content/Controls/ControlRig_Circle_3mm.uexp" 409
"../../../Engine/Plugins/Animation/ControlRig/Content/Controls/ControlRig_Circle_1mm.ubulk" 410
"../../../Engine/Plugins/Animation/ControlRig/Content/Controls/ControlRig_Circle_1mm.uasset" 411
"../../../Engine/Plugins/Animation/ControlRig/Content/Controls/ControlRig_Circle_1mm.uexp" 412
"../../../Engine/Plugins/Animation/ControlRig/Content/Controls/ControlRig_Box_solid.ubulk" 413
"../../../Engine/Plugins/Animation/ControlRig/Content/Controls/ControlRig_Box_solid.uasset" 414
"../../../Engine/Plugins/Animation/ControlRig/Content/Controls/ControlRig_Box_solid.uexp" 415
"../../../Engine/Plugins/Animation/ControlRig/Content/Controls/ControlRig_Box_3mm.ubulk" 416
"../../../Engine/Plugins/Animation/ControlRig/Content/Controls/ControlRig_Box_3mm.uasset" 417
"../../../Engine/Plugins/Animation/ControlRig/Content/Controls/ControlRig_Box_3mm.uexp" 418
"../../../Engine/Plugins/Animation/ControlRig/Content/Controls/ControlRig_Box_1mm.ubulk" 419
"../../../Engine/Plugins/Animation/ControlRig/Content/Controls/ControlRig_Box_1mm.uasset" 420
"../../../Engine/Plugins/Animation/ControlRig/Content/Controls/ControlRig_Box_1mm.uexp" 421
"../../../Engine/Plugins/Animation/ControlRig/Content/Controls/ControlRig_Arrow_solid.ubulk" 422
"../../../Engine/Plugins/Animation/ControlRig/Content/Controls/ControlRig_Arrow_solid.uasset" 423
"../../../Engine/Plugins/Animation/ControlRig/Content/Controls/ControlRig_Arrow_solid.uexp" 424
"../../../Engine/Plugins/Animation/ControlRig/Content/Controls/ControlRig_Arrow_3mm.ubulk" 425
"../../../Engine/Plugins/Animation/ControlRig/Content/Controls/ControlRig_Arrow_3mm.uasset" 426
"../../../Engine/Plugins/Animation/ControlRig/Content/Controls/ControlRig_Arrow_3mm.uexp" 427
"../../../Engine/Plugins/Animation/ControlRig/Content/Controls/ControlRig_Arrow_1mm.ubulk" 428
"../../../Engine/Plugins/Animation/ControlRig/Content/Controls/ControlRig_Arrow_1mm.uasset" 429
"../../../Engine/Plugins/Animation/ControlRig/Content/Controls/ControlRig_Arrow_1mm.uexp" 430
"../../../Engine/Plugins/Animation/ControlRig/Content/Controls/ControlRig_Arrow4_solid.ubulk" 431
"../../../Engine/Plugins/Animation/ControlRig/Content/Controls/ControlRig_Arrow4_solid.uasset" 432
"../../../Engine/Plugins/Animation/ControlRig/Content/Controls/ControlRig_Arrow4_solid.uexp" 433
"../../../Engine/Plugins/Animation/ControlRig/Content/Controls/ControlRig_Arrow4_3mm.ubulk" 434
"../../../Engine/Plugins/Animation/ControlRig/Content/Controls/ControlRig_Arrow4_3mm.uasset" 435
"../../../Engine/Plugins/Animation/ControlRig/Content/Controls/ControlRig_Arrow4_3mm.uexp" 436
"../../../Engine/Plugins/Animation/ControlRig/Content/Controls/ControlRig_Arrow4_1mm.ubulk" 437
"../../../Engine/Plugins/Animation/ControlRig/Content/Controls/ControlRig_Arrow4_1mm.uasset" 438
"../../../Engine/Plugins/Animation/ControlRig/Content/Controls/ControlRig_Arrow4_1mm.uexp" 439
"../../../Engine/Plugins/Animation/ControlRig/Content/Controls/ControlRig_Arrow2_solid.ubulk" 440
"../../../Engine/Plugins/Animation/ControlRig/Content/Controls/ControlRig_Arrow2_solid.uasset" 441
"../../../Engine/Plugins/Animation/ControlRig/Content/Controls/ControlRig_Arrow2_solid.uexp" 442
"../../../Engine/Plugins/Animation/ControlRig/Content/Controls/ControlRig_Arrow2_3mm.ubulk" 443
"../../../Engine/Plugins/Animation/ControlRig/Content/Controls/ControlRig_Arrow2_3mm.uasset" 444
"../../../Engine/Plugins/Animation/ControlRig/Content/Controls/ControlRig_Arrow2_3mm.uexp" 445
"../../../Engine/Plugins/Animation/ControlRig/Content/Controls/ControlRig_Arrow2_1mm.ubulk" 446
"../../../Engine/Plugins/Animation/ControlRig/Content/Controls/ControlRig_Arrow2_1mm.uasset" 447
"../../../Engine/Plugins/Animation/ControlRig/Content/Controls/ControlRig_Arrow2_1mm.uexp" 448
"../../../Engine/Plugins/Animation/ControlRig/Content/Controls/ControlRigXRayMaterial.uasset" 449
"../../../Engine/Plugins/Animation/ControlRig/Content/Controls/ControlRigXRayMaterial.uexp" 450
"../../../Engine/Plugins/Animation/ControlRig/Content/Controls/ControlRigGizmoMaterial.uasset" 451
"../../../Engine/Plugins/Animation/ControlRig/Content/Controls/ControlRigGizmoMaterial.uexp" 452
"../../../Engine/Content/MobileResources/HUD/VirtualJoystick_Background.uasset" 453
"../../../Engine/Content/MobileResources/HUD/VirtualJoystick_Background.uexp" 454
"../../../Engine/Content/MobileResources/HUD/VirtualJoystick_Thumb.uasset" 455
"../../../Engine/Content/MobileResources/HUD/VirtualJoystick_Thumb.uexp" 456
"../../../Engine/Content/MobileResources/HUD/DefaultVirtualJoysticks.uasset" 457
"../../../Engine/Content/MobileResources/HUD/DefaultVirtualJoysticks.uexp" 458
"../../../Engine/Content/Functions/Engine_MaterialFunctions01/Shading/PowerToRoughness.uasset" 459
"../../../Engine/Content/Functions/Engine_MaterialFunctions01/Shading/PowerToRoughness.uexp" 460
"../../../Engine/Content/Functions/Engine_MaterialFunctions01/Shading/ConvertFromDiffSpec.uasset" 461
"../../../Engine/Content/Functions/Engine_MaterialFunctions01/Shading/ConvertFromDiffSpec.uexp" 462
"../../../Engine/Content/EngineSounds/Master.uasset" 463
"../../../Engine/Content/EngineSounds/Master.uexp" 464
"../../../Engine/Content/EngineSky/VolumetricClouds/CloudWeatherTexture.uasset" 465
"../../../Engine/Content/EngineSky/VolumetricClouds/CloudWeatherTexture.uexp" 466
"../../../Engine/Content/Functions/Engine_MaterialFunctions02/Utility/MakeFloat2.uasset" 467
"../../../Engine/Content/Functions/Engine_MaterialFunctions02/Utility/MakeFloat2.uexp" 468
"../../../Engine/Content/EngineSky/VolumetricClouds/CloudGradientTexture.uasset" 469
"../../../Engine/Content/EngineSky/VolumetricClouds/CloudGradientTexture.uexp" 470
"../../../Engine/Content/EngineSky/VolumetricClouds/T_NoiseShape64.ubulk" 471
"../../../Engine/Content/EngineSky/VolumetricClouds/T_NoiseShape64.uasset" 472
"../../../Engine/Content/EngineSky/VolumetricClouds/T_NoiseShape64.uexp" 473
"../../../Engine/Content/EngineSky/VolumetricClouds/T_VolumeNoiseShape64.uasset" 474
"../../../Engine/Content/EngineSky/VolumetricClouds/T_VolumeNoiseShape64.uexp" 475
"../../../Engine/Content/EngineSky/VolumetricClouds/T_NoiseErosion.ubulk" 476
"../../../Engine/Content/EngineSky/VolumetricClouds/T_NoiseErosion.uasset" 477
"../../../Engine/Content/EngineSky/VolumetricClouds/T_NoiseErosion.uexp" 478
"../../../Engine/Content/EngineSky/VolumetricClouds/T_VolumeNoiseErosion32.uasset" 479
"../../../Engine/Content/EngineSky/VolumetricClouds/T_VolumeNoiseErosion32.uexp" 480
"../../../Engine/Content/EngineSky/VolumetricClouds/m_SimpleVolumetricCloud.uasset" 481
"../../../Engine/Content/EngineSky/VolumetricClouds/m_SimpleVolumetricCloud.uexp" 482
"../../../Engine/Content/EngineSky/VolumetricClouds/m_SimpleVolumetricCloud_Inst.uasset" 483
"../../../Engine/Content/EngineSky/VolumetricClouds/m_SimpleVolumetricCloud_Inst.uexp" 484
"../../../Engine/Content/EngineResources/FilmGrains/Marcie_Grain_v3_128_M2_000.uasset" 485
"../../../Engine/Content/EngineResources/FilmGrains/Marcie_Grain_v3_128_M2_000.uexp" 486
"../../../Engine/Content/EngineResources/WhiteSquareTexture.uasset" 487
"../../../Engine/Content/EngineResources/WhiteSquareTexture.uexp" 488
"../../../Engine/Content/EngineMaterials/Widget3DPassThrough.uasset" 489
"../../../Engine/Content/EngineMaterials/Widget3DPassThrough.uexp" 490
"../../../Engine/Content/EngineMaterials/Widget3DPassThrough_Translucent.uasset" 491
"../../../Engine/Content/EngineMaterials/Widget3DPassThrough_Translucent.uexp" 492
"../../../Engine/Content/EngineMaterials/Widget3DPassThrough_Translucent_OneSided.uasset" 493
"../../../Engine/Content/EngineMaterials/Widget3DPassThrough_Translucent_OneSided.uexp" 494
"../../../Engine/Content/EngineMaterials/Widget3DPassThrough_Opaque.uasset" 495
"../../../Engine/Content/EngineMaterials/Widget3DPassThrough_Opaque.uexp" 496
"../../../Engine/Content/EngineMaterials/Widget3DPassThrough_Opaque_OneSided.uasset" 497
"../../../Engine/Content/EngineMaterials/Widget3DPassThrough_Opaque_OneSided.uexp" 498
"../../../Engine/Content/EngineMaterials/Widget3DPassThrough_Masked_OneSided.uasset" 499
"../../../Engine/Content/EngineMaterials/Widget3DPassThrough_Masked_OneSided.uexp" 500
"../../../Engine/Content/EngineMaterials/Widget3DPassThrough_Masked.uasset" 501
"../../../Engine/Content/EngineMaterials/Widget3DPassThrough_Masked.uexp" 502
"../../../Engine/Content/EngineMaterials/STBlueNoise_vec2_128x128x64.uasset" 503
"../../../Engine/Content/EngineMaterials/STBlueNoise_vec2_128x128x64.uexp" 504
"../../../Engine/Content/EngineMaterials/STBlueNoise_scalar_128x128x64.uasset" 505
"../../../Engine/Content/EngineMaterials/STBlueNoise_scalar_128x128x64.uexp" 506
"../../../Engine/Content/EngineMaterials/RemoveSurfaceMaterial.uasset" 507
"../../../Engine/Content/EngineMaterials/RemoveSurfaceMaterial.uexp" 508
"../../../Engine/Content/EngineMaterials/DefaultCalibrationGrayscale.uasset" 509
"../../../Engine/Content/EngineMaterials/DefaultCalibrationGrayscale.uexp" 510
"../../../Engine/Content/EngineMaterials/PPM_DefaultCalibrationGrayscale.uasset" 511
"../../../Engine/Content/EngineMaterials/PPM_DefaultCalibrationGrayscale.uexp" 512
"../../../Engine/Content/EngineMaterials/DefaultCalibrationColor.uasset" 513
"../../../Engine/Content/EngineMaterials/DefaultCalibrationColor.uexp" 514
"../../../Engine/Content/EngineMaterials/PPM_DefaultCalibrationColor.uasset" 515
"../../../Engine/Content/EngineMaterials/PPM_DefaultCalibrationColor.uexp" 516
"../../../Engine/Content/EngineMaterials/PhAT_JointLimitMaterial.uasset" 517
"../../../Engine/Content/EngineMaterials/PhAT_JointLimitMaterial.uexp" 518
"../../../Engine/Content/EngineMaterials/NaniteHiddenSectionMaterial.uasset" 519
"../../../Engine/Content/EngineMaterials/NaniteHiddenSectionMaterial.uexp" 520
"../../../Engine/Content/EngineMaterials/InvalidLightmapSettings.ubulk" 521
"../../../Engine/Content/EngineMaterials/InvalidLightmapSettings.uasset" 522
"../../../Engine/Content/EngineMaterials/InvalidLightmapSettings.uexp" 523
"../../../Engine/Content/EngineMaterials/M_InvalidLightmapSettings.uasset" 524
"../../../Engine/Content/EngineMaterials/M_InvalidLightmapSettings.uexp" 525
"../../../Engine/Content/EngineMaterials/GizmoMaterial.uasset" 526
"../../../Engine/Content/EngineMaterials/GizmoMaterial.uexp" 527
"../../../Engine/Content/EngineMaterials/BaseFlattenEmissiveMap_VT.uasset" 528
"../../../Engine/Content/EngineMaterials/BaseFlattenEmissiveMap_VT.uexp" 529
"../../../Engine/Content/EngineMaterials/BaseFlattenGrayscaleMap_VT.uasset" 530
"../../../Engine/Content/EngineMaterials/BaseFlattenGrayscaleMap_VT.uexp" 531
"../../../Engine/Content/EngineMaterials/BaseFlattenLinearColor_VT.uasset" 532
"../../../Engine/Content/EngineMaterials/BaseFlattenLinearColor_VT.uexp" 533
"../../../Engine/Content/EngineMaterials/Black_1x1_EXR_Texture_VT.uasset" 534
"../../../Engine/Content/EngineMaterials/Black_1x1_EXR_Texture_VT.uexp" 535
"../../../Engine/Content/EngineMaterials/BaseFlattenDiffuseMap_VT.uasset" 536
"../../../Engine/Content/EngineMaterials/BaseFlattenDiffuseMap_VT.uexp" 537
"../../../Engine/Content/EngineMaterials/BaseFlattenNormalMap_VT.uasset" 538
"../../../Engine/Content/EngineMaterials/BaseFlattenNormalMap_VT.uexp" 539
"../../../Engine/Content/EngineMaterials/FlattenMaterial_WS_Normal_VT.uasset" 540
"../../../Engine/Content/EngineMaterials/FlattenMaterial_WS_Normal_VT.uexp" 541
"../../../Engine/Content/EngineMaterials/FlattenMaterial_VT.uasset" 542
"../../../Engine/Content/EngineMaterials/FlattenMaterial_VT.uexp" 543
"../../../Engine/Content/EngineMaterials/BaseFlattenNormalMap.uasset" 544
"../../../Engine/Content/EngineMaterials/BaseFlattenNormalMap.uexp" 545
"../../../Engine/Content/EngineMaterials/BaseFlattenGrayscaleMap.uasset" 546
"../../../Engine/Content/EngineMaterials/BaseFlattenGrayscaleMap.uexp" 547
"../../../Engine/Content/EngineMaterials/BaseFlattenDiffuseMap.uasset" 548
"../../../Engine/Content/EngineMaterials/BaseFlattenDiffuseMap.uexp" 549
"../../../Engine/Content/Functions/Engine_MaterialFunctions02/PivotPainter2/Black_1x1_EXR_Texture.uasset" 550
"../../../Engine/Content/Functions/Engine_MaterialFunctions02/PivotPainter2/Black_1x1_EXR_Texture.uexp" 551
"../../../Engine/Content/EngineMaterials/BaseFlattenEmissiveMap.uasset" 552
"../../../Engine/Content/EngineMaterials/BaseFlattenEmissiveMap.uexp" 553
"../../../Engine/Content/EngineMaterials/BaseFlattenLinearColor.uasset" 554
"../../../Engine/Content/EngineMaterials/BaseFlattenLinearColor.uexp" 555
"../../../Engine/Content/EngineMaterials/FlattenMaterial.uasset" 556
"../../../Engine/Content/EngineMaterials/FlattenMaterial.uexp" 557
"../../../Engine/Content/EngineMaterials/DefaultWhiteGrid_Low.uasset" 558
"../../../Engine/Content/EngineMaterials/DefaultWhiteGrid_Low.uexp" 559
"../../../Engine/Content/EngineMaterials/EmissiveMeshMaterial.uasset" 560
"../../../Engine/Content/EngineMaterials/EmissiveMeshMaterial.uexp" 561
"../../../Engine/Content/EngineFonts/RobotoDistanceField.uasset" 562
"../../../Engine/Content/EngineFonts/RobotoDistanceField.uexp" 563
"../../../Engine/Content/EngineMaterials/DefaultTextMaterialOpaque.uasset" 564
"../../../Engine/Content/EngineMaterials/DefaultTextMaterialOpaque.uexp" 565
"../../../Engine/Content/EngineMaterials/DefaultDiffuse.ubulk" 566
"../../../Engine/Content/EngineMaterials/DefaultDiffuse.uasset" 567
"../../../Engine/Content/EngineMaterials/DefaultDiffuse.uexp" 568
"../../../Engine/Content/Functions/Engine_MaterialFunctions02/Utility/BreakOutFloat2Components.uasset" 569
"../../../Engine/Content/Functions/Engine_MaterialFunctions02/Utility/BreakOutFloat2Components.uexp" 570
"../../../Engine/Content/EngineMaterials/DefaultPostProcessMaterial.uasset" 571
"../../../Engine/Content/EngineMaterials/DefaultPostProcessMaterial.uexp" 572
"../../../Engine/Content/EngineMaterials/DefaultPhysicalMaterial.uasset" 573
"../../../Engine/Content/EngineMaterials/DefaultPhysicalMaterial.uexp" 574
"../../../Engine/Content/EngineMaterials/DefaultLightFunctionMaterial.uasset" 575
"../../../Engine/Content/EngineMaterials/DefaultLightFunctionMaterial.uexp" 576
"../../../Engine/Content/EngineMaterials/DefaultDestructiblePhysicalMaterial.uasset" 577
"../../../Engine/Content/EngineMaterials/DefaultDestructiblePhysicalMaterial.uexp" 578
"../../../Engine/Content/EngineMaterials/DefaultDeferredDecalMaterial.uasset" 579
"../../../Engine/Content/EngineMaterials/DefaultDeferredDecalMaterial.uexp" 580
"../../../Engine/Content/EngineMaterials/DefaultBloomKernel.uasset" 581
"../../../Engine/Content/EngineMaterials/DefaultBloomKernel.uexp" 582
"../../../Engine/Content/EngineFonts/Faces/RobotoLight.uexp" 583
"../../../Engine/Content/EngineFonts/Faces/RobotoLight.uasset" 584
"../../../Engine/Content/EngineFonts/Faces/RobotoLight.ufont" 585
"../../../Engine/Content/EngineFonts/Faces/RobotoBold.uexp" 586
"../../../Engine/Content/EngineFonts/Faces/RobotoBold.uasset" 587
"../../../Engine/Content/EngineFonts/Faces/RobotoBold.ufont" 588
"../../../Engine/Content/EngineFonts/Faces/RobotoRegular.uexp" 589
"../../../Engine/Content/EngineFonts/Faces/RobotoRegular.uasset" 590
"../../../Engine/Content/EngineFonts/Faces/RobotoRegular.ufont" 591
"../../../Engine/Content/EngineFonts/Faces/DroidSansFallback.uexp" 592
"../../../Engine/Content/EngineFonts/Faces/DroidSansFallback.uasset" 593
"../../../Engine/Content/EngineFonts/Faces/DroidSansFallback.ufont" 594
"../../../Engine/Content/EngineFonts/Faces/RobotoItalic.uexp" 595
"../../../Engine/Content/EngineFonts/Faces/RobotoItalic.uasset" 596
"../../../Engine/Content/EngineFonts/Faces/RobotoItalic.ufont" 597
"../../../Engine/Content/EngineFonts/Faces/RobotoBoldItalic.uexp" 598
"../../../Engine/Content/EngineFonts/Faces/RobotoBoldItalic.uasset" 599
"../../../Engine/Content/EngineFonts/Faces/RobotoBoldItalic.ufont" 600
"../../../Engine/Content/EngineFonts/Roboto.uasset" 601
"../../../Engine/Content/EngineFonts/Roboto.uexp" 602
"../../../Engine/Content/Functions/Engine_MaterialFunctions02/Utility/CameraDirectionVector.uasset" 603
"../../../Engine/Content/Functions/Engine_MaterialFunctions02/Utility/CameraDirectionVector.uexp" 604
"../../../Engine/Content/EngineDebugMaterials/VolumeToRender.uasset" 605
"../../../Engine/Content/EngineDebugMaterials/VolumeToRender.uexp" 606
"../../../Engine/Content/EngineDebugMaterials/M_VolumeRenderSphereTracePP.uasset" 607
"../../../Engine/Content/EngineDebugMaterials/M_VolumeRenderSphereTracePP.uexp" 608
"../../../Engine/Content/EngineDebugMaterials/M_SimpleUnlitTranslucent.uasset" 609
"../../../Engine/Content/EngineDebugMaterials/M_SimpleUnlitTranslucent.uexp" 610
"../../../Engine/Content/EngineDebugMaterials/DebugMeshMaterial.uasset" 611
"../../../Engine/Content/EngineDebugMaterials/DebugMeshMaterial.uexp" 612
"../../../Engine/Content/EngineDebugMaterials/DebugEditorMaterial.uasset" 613
"../../../Engine/Content/EngineDebugMaterials/DebugEditorMaterial.uexp" 614
"../../../Engine/Content/EngineDamageTypes/DmgTypeBP_Environmental.uasset" 615
"../../../Engine/Content/EngineDamageTypes/DmgTypeBP_Environmental.uexp" 616
"../../../Engine/Content/EditorResources/EmptyActor.uasset" 617
"../../../Engine/Content/EditorResources/EmptyActor.uexp" 618
"../../../Engine/Content/EditorResources/BSPVertex.uasset" 619
"../../../Engine/Content/EditorResources/BSPVertex.uexp" 620
"../../../Engine/Content/EditorResources/SequenceRecorder/RecordingIndicator.uasset" 621
"../../../Engine/Content/EditorResources/SequenceRecorder/RecordingIndicator.uexp" 622
"../../../Engine/Content/EditorResources/SequenceRecorder/Countdown.uasset" 623
"../../../Engine/Content/EditorResources/SequenceRecorder/Countdown.uexp" 624
"../../../Engine/Content/EditorMaterials/PreviewShadowIndicator.ubulk" 625
"../../../Engine/Content/EditorMaterials/PreviewShadowIndicator.uasset" 626
"../../../Engine/Content/EditorMaterials/PreviewShadowIndicator.uexp" 627
"../../../Engine/Content/EditorMaterials/PreviewShadowIndicatorMaterial.uasset" 628
"../../../Engine/Content/EditorMaterials/PreviewShadowIndicatorMaterial.uexp" 629
"../../../Engine/Content/EditorMaterials/PhAT_UnselectedMaterial.uasset" 630
"../../../Engine/Content/EditorMaterials/PhAT_UnselectedMaterial.uexp" 631
"../../../Engine/Content/EditorMaterials/PhAT_NoCollisionMaterial.uasset" 632
"../../../Engine/Content/EditorMaterials/PhAT_NoCollisionMaterial.uexp" 633
"../../../Engine/Content/EditorLandscapeResources/DefaultAlphaTexture.uasset" 634
"../../../Engine/Content/EditorLandscapeResources/DefaultAlphaTexture.uexp" 635
"../../../Engine/Content/EditorLandscapeResources/DataLayer.uasset" 636
"../../../Engine/Content/EditorLandscapeResources/DataLayer.uexp" 637
"../../../Engine/Content/BasicShapes/Plane.ubulk" 638
"../../../Engine/Content/BasicShapes/Plane.uasset" 639
"../../../Engine/Content/BasicShapes/Plane.uexp" 640
"D:/Github/Projects/Leaving-The-Tide/Content/Assets/Materials/M_Fisherman.uasset" 641
"D:/Github/Projects/Leaving-The-Tide/Content/Assets/Materials/M_Fisherman.uexp" 642
"D:/Github/Projects/Leaving-The-Tide/Content/Blueprints/Actor/NPC_Fisherman.uasset" 643
"D:/Github/Projects/Leaving-The-Tide/Content/Blueprints/Actor/NPC_Fisherman.uexp" 644
"D:/Github/Projects/Leaving-The-Tide/Content/Assets/Materials/M_Grandma.uasset" 645
"D:/Github/Projects/Leaving-The-Tide/Content/Assets/Materials/M_Grandma.uexp" 646
"../../../Engine/Content/EngineMaterials/BlendFunc_DefBlend.uasset" 647
"../../../Engine/Content/EngineMaterials/BlendFunc_DefBlend.uexp" 648
"../../../Engine/Content/EngineMaterials/BlendFunc_DefBase.uasset" 649
"../../../Engine/Content/EngineMaterials/BlendFunc_DefBase.uexp" 650
"../../../Engine/Content/Functions/Engine_MaterialFunctions03/Blends/Blend_Overlay.uasset" 651
"../../../Engine/Content/Functions/Engine_MaterialFunctions03/Blends/Blend_Overlay.uexp" 652
"../../../Engine/Content/OpenWorldTemplate/LandscapeMaterial/T_GridChecker_A.ubulk" 653
"../../../Engine/Content/OpenWorldTemplate/LandscapeMaterial/T_GridChecker_A.uasset" 654
"../../../Engine/Content/OpenWorldTemplate/LandscapeMaterial/T_GridChecker_A.uexp" 655
"../../../Engine/Content/Functions/Engine_MaterialFunctions02/Utility/MakeFloat3.uasset" 656
"../../../Engine/Content/Functions/Engine_MaterialFunctions02/Utility/MakeFloat3.uexp" 657
"../../../Engine/Content/Functions/Engine_MaterialFunctions01/Gradient/LinearGradient.uasset" 658
"../../../Engine/Content/Functions/Engine_MaterialFunctions01/Gradient/LinearGradient.uexp" 659
"../../../Engine/Content/Functions/Engine_MaterialFunctions01/ImageAdjustment/CheapContrast.uasset" 660
"../../../Engine/Content/Functions/Engine_MaterialFunctions01/ImageAdjustment/CheapContrast.uexp" 661
"../../../Engine/Content/OpenWorldTemplate/LandscapeMaterial/MF_ProcGrid.uasset" 662
"../../../Engine/Content/OpenWorldTemplate/LandscapeMaterial/MF_ProcGrid.uexp" 663
"../../../Engine/Content/OpenWorldTemplate/LandscapeMaterial/M_ProcGrid.uasset" 664
"../../../Engine/Content/OpenWorldTemplate/LandscapeMaterial/M_ProcGrid.uexp" 665
"../../../Engine/Content/OpenWorldTemplate/LandscapeMaterial/MI_ProcGrid.uasset" 666
"../../../Engine/Content/OpenWorldTemplate/LandscapeMaterial/MI_ProcGrid.uexp" 667
"../../../Engine/Content/EngineSky/T_Sky_Stars.ubulk" 668
"../../../Engine/Content/EngineSky/T_Sky_Stars.uasset" 669
"../../../Engine/Content/EngineSky/T_Sky_Stars.uexp" 670
"../../../Engine/Content/EngineSky/T_Sky_Clouds_M.ubulk" 671
"../../../Engine/Content/EngineSky/T_Sky_Clouds_M.uasset" 672
"../../../Engine/Content/EngineSky/T_Sky_Clouds_M.uexp" 673
"../../../Engine/Content/EngineSky/T_Sky_Blue.ubulk" 674
"../../../Engine/Content/EngineSky/T_Sky_Blue.uasset" 675
"../../../Engine/Content/EngineSky/T_Sky_Blue.uexp" 676
"../../../Engine/Content/EngineSky/M_Sky_Panning_Clouds2.uasset" 677
"../../../Engine/Content/EngineSky/M_Sky_Panning_Clouds2.uexp" 678
"../../../Engine/Content/EngineSky/SM_SkySphere.ubulk" 679
"../../../Engine/Content/EngineSky/SM_SkySphere.uasset" 680
"../../../Engine/Content/EngineSky/SM_SkySphere.uexp" 681
"../../../Engine/Content/EngineMaterials/DefaultMaterial.uasset" 682
"../../../Engine/Content/EngineMaterials/DefaultMaterial.uexp" 683
"../../../Engine/Content/MapTemplates/SM_Template_Map_Floor.ubulk" 684
"../../../Engine/Content/MapTemplates/SM_Template_Map_Floor.uasset" 685
"../../../Engine/Content/MapTemplates/SM_Template_Map_Floor.uexp" 686
"D:/Github/Projects/Leaving-The-Tide/Content/Assets/Sprites/girl.uasset" 687
"D:/Github/Projects/Leaving-The-Tide/Content/Assets/Sprites/girl.uexp" 688
"D:/Github/Projects/Leaving-The-Tide/Content/Assets/Sprites/girl_Mat.uasset" 689
"D:/Github/Projects/Leaving-The-Tide/Content/Assets/Sprites/girl_Mat.uexp" 690
"D:/Github/Projects/Leaving-The-Tide/Content/Assets/Materials/M_LittleBoy.uasset" 691
"D:/Github/Projects/Leaving-The-Tide/Content/Assets/Materials/M_LittleBoy.uexp" 692
"D:/Github/Projects/Leaving-The-Tide/Content/Assets/Meshes/SK_Devvy_F_PhysicsAsset.uasset" 693
"D:/Github/Projects/Leaving-The-Tide/Content/Assets/Meshes/SK_Devvy_F_PhysicsAsset.uexp" 694
"D:/Github/Projects/Leaving-The-Tide/Content/Assets/Meshes/SK_Devvy_F.uasset" 695
"D:/Github/Projects/Leaving-The-Tide/Content/Assets/Meshes/SK_Devvy_F.uexp" 696
"D:/Github/Projects/Leaving-The-Tide/Content/Blueprints/Actor/NPC_LittleGirl.uasset" 697
"D:/Github/Projects/Leaving-The-Tide/Content/Blueprints/Actor/NPC_LittleGirl.uexp" 698
"D:/Github/Projects/Leaving-The-Tide/Content/Blueprints/Actor/NPC_LIttleBoy.uasset" 699
"D:/Github/Projects/Leaving-The-Tide/Content/Blueprints/Actor/NPC_LIttleBoy.uexp" 700
"D:/Github/Projects/Leaving-The-Tide/Content/Assets/Animations/Anim_Walk.uasset" 701
"D:/Github/Projects/Leaving-The-Tide/Content/Assets/Animations/Anim_Walk.uexp" 702
"D:/Github/Projects/Leaving-The-Tide/Content/Assets/Animations/Anim_Sprint.uasset" 703
"D:/Github/Projects/Leaving-The-Tide/Content/Assets/Animations/Anim_Sprint.uexp" 704
"D:/Github/Projects/Leaving-The-Tide/Content/Assets/Animations/Anim_Idle.uasset" 705
"D:/Github/Projects/Leaving-The-Tide/Content/Assets/Animations/Anim_Idle.uexp" 706
"D:/Github/Projects/Leaving-The-Tide/Content/Assets/Animations/Blend_IdleSprint.uasset" 707
"D:/Github/Projects/Leaving-The-Tide/Content/Assets/Animations/Blend_IdleSprint.uexp" 708
"D:/Github/Projects/Leaving-The-Tide/Content/Assets/Animations/ABP_Player.uasset" 709
"D:/Github/Projects/Leaving-The-Tide/Content/Assets/Animations/ABP_Player.uexp" 710
"D:/Github/Projects/Leaving-The-Tide/Content/Blueprints/Player/BP_PlayerBase.uasset" 711
"D:/Github/Projects/Leaving-The-Tide/Content/Blueprints/Player/BP_PlayerBase.uexp" 712
"D:/Github/Projects/Leaving-The-Tide/Content/Blueprints/GameMode/BP_GameModeBase.uasset" 713
"D:/Github/Projects/Leaving-The-Tide/Content/Blueprints/GameMode/BP_GameModeBase.uexp" 714
"D:/Github/Projects/Leaving-The-Tide/Content/Blueprints/Actor/NPC_Grandma.uasset" 715
"D:/Github/Projects/Leaving-The-Tide/Content/Blueprints/Actor/NPC_Grandma.uexp" 716
"D:/Github/Projects/Leaving-The-Tide/Content/Assets/Materials/M_LittleGirl.uasset" 717
"D:/Github/Projects/Leaving-The-Tide/Content/Assets/Materials/M_LittleGirl.uexp" 718
"../../../Engine/Content/BasicShapes/Cone.ubulk" 719
"../../../Engine/Content/BasicShapes/Cone.uasset" 720
"../../../Engine/Content/BasicShapes/Cone.uexp" 721
"../../../Engine/Content/BasicShapes/BasicShapeMaterial.uasset" 722
"../../../Engine/Content/BasicShapes/BasicShapeMaterial.uexp" 723
"D:/Github/Projects/Leaving-The-Tide/Content/Blueprints/ActorComponents/AC_Interactable_Object.uasset" 724
"D:/Github/Projects/Leaving-The-Tide/Content/Blueprints/ActorComponents/AC_Interactable_Object.uexp" 725
"D:/Github/Projects/Leaving-The-Tide/Content/Blueprints/Actor/AC_Object.uasset" 726
"D:/Github/Projects/Leaving-The-Tide/Content/Blueprints/Actor/AC_Object.uexp" 727
"D:/Github/Projects/Leaving-The-Tide/Content/Blueprints/Actor/AC_Object_Cone.uasset" 728
"D:/Github/Projects/Leaving-The-Tide/Content/Blueprints/Actor/AC_Object_Cone.uexp" 729
"../../../Engine/Content/BasicShapes/Cube.ubulk" 730
"../../../Engine/Content/BasicShapes/Cube.uasset" 731
"../../../Engine/Content/BasicShapes/Cube.uexp" 732
"D:/Github/Projects/Leaving-The-Tide/Content/Blueprints/Actor/AC_Object_Cube.uasset" 733
"D:/Github/Projects/Leaving-The-Tide/Content/Blueprints/Actor/AC_Object_Cube.uexp" 734
"../../../Engine/Content/BasicShapes/Cylinder.ubulk" 735
"../../../Engine/Content/BasicShapes/Cylinder.uasset" 736
"../../../Engine/Content/BasicShapes/Cylinder.uexp" 737
"D:/Github/Projects/Leaving-The-Tide/Content/Blueprints/Actor/AC_Object_Cylinder.uasset" 738
"D:/Github/Projects/Leaving-The-Tide/Content/Blueprints/Actor/AC_Object_Cylinder.uexp" 739
"../../../Engine/Content/BasicShapes/Sphere.ubulk" 740
"../../../Engine/Content/BasicShapes/Sphere.uasset" 741
"../../../Engine/Content/BasicShapes/Sphere.uexp" 742
"D:/Github/Projects/Leaving-The-Tide/Content/Blueprints/Actor/AC_Object_Sphere.uasset" 743
"D:/Github/Projects/Leaving-The-Tide/Content/Blueprints/Actor/AC_Object_Sphere.uexp" 744
"D:/Github/Projects/Leaving-The-Tide/Content/Maps/MainLevel.uexp" 745
"D:/Github/Projects/Leaving-The-Tide/Content/Maps/MainLevel.umap" 746
"../../../Engine/Content/Maps/Entry_BuiltData.uasset" 747
"../../../Engine/Content/Maps/Entry_BuiltData.uexp" 748
"../../../Engine/Content/Maps/Entry.uexp" 749
"../../../Engine/Content/Maps/Entry.umap" 750
